\BOOKMARK [0][-]{chapter.1}{\376\377\0001\000\040\000N\000a\000m\000e\000s\000p\000a\000c\000e\000\040\000I\000n\000d\000e\000x}{}% 1
\BOOKMARK [1][-]{section.1.1}{\376\377\0001\000.\0001\000\040\000N\000a\000m\000e\000s\000p\000a\000c\000e\000\040\000L\000i\000s\000t}{chapter.1}% 2
\BOOKMARK [0][-]{chapter.2}{\376\377\0002\000\040\000H\000i\000e\000r\000a\000r\000c\000h\000i\000c\000a\000l\000\040\000I\000n\000d\000e\000x}{}% 3
\BOOKMARK [1][-]{section.2.1}{\376\377\0002\000.\0001\000\040\000C\000l\000a\000s\000s\000\040\000H\000i\000e\000r\000a\000r\000c\000h\000y}{chapter.2}% 4
\BOOKMARK [0][-]{chapter.3}{\376\377\0003\000\040\000C\000l\000a\000s\000s\000\040\000I\000n\000d\000e\000x}{}% 5
\BOOKMARK [1][-]{section.3.1}{\376\377\0003\000.\0001\000\040\000C\000l\000a\000s\000s\000\040\000L\000i\000s\000t}{chapter.3}% 6
\BOOKMARK [0][-]{chapter.4}{\376\377\0004\000\040\000F\000i\000l\000e\000\040\000I\000n\000d\000e\000x}{}% 7
\BOOKMARK [1][-]{section.4.1}{\376\377\0004\000.\0001\000\040\000F\000i\000l\000e\000\040\000L\000i\000s\000t}{chapter.4}% 8
\BOOKMARK [0][-]{chapter.5}{\376\377\0005\000\040\000N\000a\000m\000e\000s\000p\000a\000c\000e\000\040\000D\000o\000c\000u\000m\000e\000n\000t\000a\000t\000i\000o\000n}{}% 9
\BOOKMARK [1][-]{section.5.1}{\376\377\0005\000.\0001\000\040\000U\000i\000\040\000N\000a\000m\000e\000s\000p\000a\000c\000e\000\040\000R\000e\000f\000e\000r\000e\000n\000c\000e}{chapter.5}% 10
\BOOKMARK [0][-]{chapter.6}{\376\377\0006\000\040\000C\000l\000a\000s\000s\000\040\000D\000o\000c\000u\000m\000e\000n\000t\000a\000t\000i\000o\000n}{}% 11
\BOOKMARK [1][-]{section.6.1}{\376\377\0006\000.\0001\000\040\000D\000r\000a\000w\000G\000L\000\040\000C\000l\000a\000s\000s\000\040\000R\000e\000f\000e\000r\000e\000n\000c\000e}{chapter.6}% 12
\BOOKMARK [2][-]{subsection.6.1.1}{\376\377\0006\000.\0001\000.\0001\000\040\000C\000o\000n\000s\000t\000r\000u\000c\000t\000o\000r\000\040\000\046\000\040\000D\000e\000s\000t\000r\000u\000c\000t\000o\000r\000\040\000D\000o\000c\000u\000m\000e\000n\000t\000a\000t\000i\000o\000n}{section.6.1}% 13
\BOOKMARK [3][-]{subsubsection.6.1.1.1}{\376\377\0006\000.\0001\000.\0001\000.\0001\000\040\000D\000r\000a\000w\000G\000L\000\050\000\051}{subsection.6.1.1}% 14
\BOOKMARK [3][-]{subsubsection.6.1.1.2}{\376\377\0006\000.\0001\000.\0001\000.\0002\000\040\000D\000r\000a\000w\000G\000L\000\050\000\051}{subsection.6.1.1}% 15
\BOOKMARK [2][-]{subsection.6.1.2}{\376\377\0006\000.\0001\000.\0002\000\040\000M\000e\000m\000b\000e\000r\000\040\000F\000u\000n\000c\000t\000i\000o\000n\000\040\000D\000o\000c\000u\000m\000e\000n\000t\000a\000t\000i\000o\000n}{section.6.1}% 16
\BOOKMARK [3][-]{subsubsection.6.1.2.1}{\376\377\0006\000.\0001\000.\0002\000.\0001\000\040\000d\000r\000a\000w\000\137\000i\000f\000\137\000t\000r\000u\000e\000\050\000M\000o\000d\000e\000l\000M\000e\000s\000h\000\040\000,\000\040\000Q\000M\000a\000t\000r\000i\000x\0004\000x\0004\000,\000\040\000Q\000V\000e\000c\000t\000o\000r\0003\000D\000,\000\040\000Q\000V\000e\000c\000t\000o\000r\0003\000D\000,\000\040\000Q\000V\000e\000c\000t\000o\000r\0003\000D\000,\000\040\000Q\000O\000p\000e\000n\000G\000L\000T\000e\000x\000t\000u\000r\000e\000\040\000,\000\040\000Q\000V\000e\000c\000t\000o\000r\0003\000D\000,\000\040\000Q\000V\000e\000c\000t\000o\000r\0002\000D\000,\000\040\000Q\000M\000a\000t\000r\000i\000x\0004\000x\0004\000,\000\040\000Q\000O\000p\000e\000n\000G\000L\000S\000h\000a\000d\000e\000r\000P\000r\000o\000g\000r\000a\000m\000\040\000,\000\040\000b\000o\000o\000l\000,\000\040\000f\000l\000o\000a\000t\000\051}{subsection.6.1.2}% 17
\BOOKMARK [3][-]{subsubsection.6.1.2.2}{\376\377\0006\000.\0001\000.\0002\000.\0002\000\040\000D\000r\000a\000w\000L\000i\000n\000e\000\050\000Q\000V\000e\000c\000t\000o\000r\0003\000D\000,\000\040\000Q\000V\000e\000c\000t\000o\000r\0003\000D\000,\000\040\000Q\000M\000a\000t\000r\000i\000x\0004\000x\0004\000,\000\040\000Q\000M\000a\000t\000r\000i\000x\0004\000x\0004\000,\000\040\000Q\000M\000a\000t\000r\000i\000x\0004\000x\0004\000,\000\040\000Q\000V\000e\000c\000t\000o\000r\0003\000D\000,\000\040\000Q\000O\000p\000e\000n\000G\000L\000S\000h\000a\000d\000e\000r\000P\000r\000o\000g\000r\000a\000m\000\040\000,\000\040\000Q\000M\000a\000t\000r\000i\000x\0004\000x\0004\000,\000\040\000f\000l\000o\000a\000t\000\051}{subsection.6.1.2}% 18
\BOOKMARK [3][-]{subsubsection.6.1.2.3}{\376\377\0006\000.\0001\000.\0002\000.\0003\000\040\000D\000r\000a\000w\000M\000o\000d\000e\000l\000\050\000M\000o\000d\000e\000l\000M\000e\000s\000h\000\040\000,\000\040\000Q\000M\000a\000t\000r\000i\000x\0004\000x\0004\000,\000\040\000Q\000M\000a\000t\000r\000i\000x\0004\000x\0004\000,\000\040\000Q\000M\000a\000t\000r\000i\000x\0004\000x\0004\000,\000\040\000Q\000O\000p\000e\000n\000G\000L\000T\000e\000x\000t\000u\000r\000e\000\040\000,\000\040\000Q\000V\000e\000c\000t\000o\000r\0003\000D\000,\000\040\000Q\000V\000e\000c\000t\000o\000r\0002\000D\000,\000\040\000Q\000O\000p\000e\000n\000G\000L\000S\000h\000a\000d\000e\000r\000P\000r\000o\000g\000r\000a\000m\000\040\000,\000\040\000Q\000M\000a\000t\000r\000i\000x\0004\000x\0004\000,\000\040\000f\000l\000o\000a\000t\000\051}{subsection.6.1.2}% 19
\BOOKMARK [3][-]{subsubsection.6.1.2.4}{\376\377\0006\000.\0001\000.\0002\000.\0004\000\040\000S\000h\000a\000d\000e\000r\000D\000r\000a\000w\000\050\000M\000o\000d\000e\000l\000M\000e\000s\000h\000\040\000,\000\040\000Q\000O\000p\000e\000n\000G\000L\000S\000h\000a\000d\000e\000r\000P\000r\000o\000g\000r\000a\000m\000\040\000\051}{subsection.6.1.2}% 20
\BOOKMARK [3][-]{subsubsection.6.1.2.5}{\376\377\0006\000.\0001\000.\0002\000.\0005\000\040\000U\000p\000d\000a\000t\000e\000S\000h\000a\000d\000e\000r\000s\000\050\000Q\000M\000a\000t\000r\000i\000x\0004\000x\0004\000,\000\040\000Q\000M\000a\000t\000r\000i\000x\0004\000x\0004\000,\000\040\000Q\000M\000a\000t\000r\000i\000x\0004\000x\0004\000,\000\040\000Q\000O\000p\000e\000n\000G\000L\000T\000e\000x\000t\000u\000r\000e\000\040\000,\000\040\000Q\000V\000e\000c\000t\000o\000r\0003\000D\000,\000\040\000Q\000V\000e\000c\000t\000o\000r\0002\000D\000,\000\040\000Q\000O\000p\000e\000n\000G\000L\000S\000h\000a\000d\000e\000r\000P\000r\000o\000g\000r\000a\000m\000\040\000,\000\040\000Q\000M\000a\000t\000r\000i\000x\0004\000x\0004\000,\000\040\000f\000l\000o\000a\000t\000\051}{subsection.6.1.2}% 21
\BOOKMARK [3][-]{subsubsection.6.1.2.6}{\376\377\0006\000.\0001\000.\0002\000.\0006\000\040\000U\000p\000d\000a\000t\000e\000S\000h\000a\000d\000e\000r\000s\000\050\000Q\000M\000a\000t\000r\000i\000x\0004\000x\0004\000,\000\040\000Q\000M\000a\000t\000r\000i\000x\0004\000x\0004\000,\000\040\000Q\000M\000a\000t\000r\000i\000x\0004\000x\0004\000,\000\040\000Q\000V\000e\000c\000t\000o\000r\0003\000D\000,\000\040\000Q\000V\000e\000c\000t\000o\000r\0002\000D\000,\000\040\000Q\000O\000p\000e\000n\000G\000L\000S\000h\000a\000d\000e\000r\000P\000r\000o\000g\000r\000a\000m\000\040\000,\000\040\000Q\000M\000a\000t\000r\000i\000x\0004\000x\0004\000,\000\040\000f\000l\000o\000a\000t\000\051}{subsection.6.1.2}% 22
\BOOKMARK [1][-]{section.6.2}{\376\377\0006\000.\0002\000\040\000M\000a\000i\000n\000W\000i\000n\000d\000o\000w\000\040\000C\000l\000a\000s\000s\000\040\000R\000e\000f\000e\000r\000e\000n\000c\000e}{chapter.6}% 23
\BOOKMARK [2][-]{subsection.6.2.1}{\376\377\0006\000.\0002\000.\0001\000\040\000C\000o\000n\000s\000t\000r\000u\000c\000t\000o\000r\000\040\000\046\000\040\000D\000e\000s\000t\000r\000u\000c\000t\000o\000r\000\040\000D\000o\000c\000u\000m\000e\000n\000t\000a\000t\000i\000o\000n}{section.6.2}% 24
\BOOKMARK [3][-]{subsubsection.6.2.1.1}{\376\377\0006\000.\0002\000.\0001\000.\0001\000\040\000M\000a\000i\000n\000W\000i\000n\000d\000o\000w\000\050\000Q\000W\000i\000d\000g\000e\000t\000\040\000p\000a\000r\000e\000n\000t\000=\0000\000\051}{subsection.6.2.1}% 25
\BOOKMARK [3][-]{subsubsection.6.2.1.2}{\376\377\0006\000.\0002\000.\0001\000.\0002\000\040\000M\000a\000i\000n\000W\000i\000n\000d\000o\000w\000\050\000\051}{subsection.6.2.1}% 26
\BOOKMARK [2][-]{subsection.6.2.2}{\376\377\0006\000.\0002\000.\0002\000\040\000M\000e\000m\000b\000e\000r\000\040\000F\000u\000n\000c\000t\000i\000o\000n\000\040\000D\000o\000c\000u\000m\000e\000n\000t\000a\000t\000i\000o\000n}{section.6.2}% 27
\BOOKMARK [3][-]{subsubsection.6.2.2.1}{\376\377\0006\000.\0002\000.\0002\000.\0001\000\040\000a\000d\000d\000\137\000n\000e\000w\000\137\000t\000e\000x\000t\000u\000r\000e}{subsection.6.2.2}% 28
\BOOKMARK [3][-]{subsubsection.6.2.2.2}{\376\377\0006\000.\0002\000.\0002\000.\0002\000\040\000c\000h\000a\000n\000g\000e\000\137\000f\000l\000o\000o\000r\000\137\000s\000e\000l\000e\000c\000t\000e\000d}{subsection.6.2.2}% 29
\BOOKMARK [3][-]{subsubsection.6.2.2.3}{\376\377\0006\000.\0002\000.\0002\000.\0003\000\040\000c\000h\000a\000n\000g\000e\000\137\000n\000o\000d\000e\000\137\000n\000a\000m\000e}{subsection.6.2.2}% 30
\BOOKMARK [3][-]{subsubsection.6.2.2.4}{\376\377\0006\000.\0002\000.\0002\000.\0004\000\040\000c\000h\000a\000n\000g\000e\000\137\000r\000o\000t\000a\000t\000i\000o\000n\000Y}{subsection.6.2.2}% 31
\BOOKMARK [3][-]{subsubsection.6.2.2.5}{\376\377\0006\000.\0002\000.\0002\000.\0005\000\040\000i\000n\000v\000e\000r\000t\000\137\000m\000o\000u\000s\000e\000Y}{subsection.6.2.2}% 32
\BOOKMARK [3][-]{subsubsection.6.2.2.6}{\376\377\0006\000.\0002\000.\0002\000.\0006\000\040\000l\000o\000a\000d\000\137\000p\000r\000e\000m\000i\000s\000e\000s}{subsection.6.2.2}% 33
\BOOKMARK [3][-]{subsubsection.6.2.2.7}{\376\377\0006\000.\0002\000.\0002\000.\0007\000\040\000n\000o\000d\000e\000\137\000l\000i\000n\000k\000s}{subsection.6.2.2}% 34
\BOOKMARK [3][-]{subsubsection.6.2.2.8}{\376\377\0006\000.\0002\000.\0002\000.\0008\000\040\000p\000l\000a\000c\000e\000\137\000d\000o\000o\000r}{subsection.6.2.2}% 35
\BOOKMARK [3][-]{subsubsection.6.2.2.9}{\376\377\0006\000.\0002\000.\0002\000.\0009\000\040\000p\000l\000a\000c\000e\000\137\000f\000l\000o\000o\000r\000\137\000p\000l\000a\000n}{subsection.6.2.2}% 36
\BOOKMARK [3][-]{subsubsection.6.2.2.10}{\376\377\0006\000.\0002\000.\0002\000.\0001\0000\000\040\000p\000l\000a\000c\000e\000\137\000n\000o\000d\000e}{subsection.6.2.2}% 37
\BOOKMARK [3][-]{subsubsection.6.2.2.11}{\376\377\0006\000.\0002\000.\0002\000.\0001\0001\000\040\000p\000l\000a\000c\000e\000\137\000p\000a\000v\000e\000m\000e\000n\000t}{subsection.6.2.2}% 38
\BOOKMARK [3][-]{subsubsection.6.2.2.12}{\376\377\0006\000.\0002\000.\0002\000.\0001\0002\000\040\000p\000l\000a\000c\000e\000\137\000t\000r\000e\000e}{subsection.6.2.2}% 39
\BOOKMARK [3][-]{subsubsection.6.2.2.13}{\376\377\0006\000.\0002\000.\0002\000.\0001\0003\000\040\000p\000l\000a\000c\000e\000\137\000w\000a\000l\000l}{subsection.6.2.2}% 40
\BOOKMARK [3][-]{subsubsection.6.2.2.14}{\376\377\0006\000.\0002\000.\0002\000.\0001\0004\000\040\000r\000e\000m\000o\000v\000e\000\137\000n\000o\000d\000e\000s}{subsection.6.2.2}% 41
\BOOKMARK [3][-]{subsubsection.6.2.2.15}{\376\377\0006\000.\0002\000.\0002\000.\0001\0005\000\040\000r\000e\000m\000o\000v\000e\000\137\000t\000r\000e\000e\000s}{subsection.6.2.2}% 42
\BOOKMARK [3][-]{subsubsection.6.2.2.16}{\376\377\0006\000.\0002\000.\0002\000.\0001\0006\000\040\000s\000e\000t\000\137\000n\000o\000d\000e\000\137\000s\000i\000g\000n\000i\000f\000i\000c\000a\000n\000t}{subsection.6.2.2}% 43
\BOOKMARK [3][-]{subsubsection.6.2.2.17}{\376\377\0006\000.\0002\000.\0002\000.\0001\0007\000\040\000s\000e\000t\000\137\000o\000b\000j\000e\000c\000t\000\137\000s\000c\000a\000l\000e}{subsection.6.2.2}% 44
\BOOKMARK [1][-]{section.6.3}{\376\377\0006\000.\0003\000\040\000M\000a\000t\000h\000e\000m\000a\000t\000i\000c\000s\000\040\000C\000l\000a\000s\000s\000\040\000R\000e\000f\000e\000r\000e\000n\000c\000e}{chapter.6}% 45
\BOOKMARK [2][-]{subsection.6.3.1}{\376\377\0006\000.\0003\000.\0001\000\040\000C\000o\000n\000s\000t\000r\000u\000c\000t\000o\000r\000\040\000\046\000\040\000D\000e\000s\000t\000r\000u\000c\000t\000o\000r\000\040\000D\000o\000c\000u\000m\000e\000n\000t\000a\000t\000i\000o\000n}{section.6.3}% 46
\BOOKMARK [3][-]{subsubsection.6.3.1.1}{\376\377\0006\000.\0003\000.\0001\000.\0001\000\040\000M\000a\000t\000h\000e\000m\000a\000t\000i\000c\000s\000\050\000\051}{subsection.6.3.1}% 47
\BOOKMARK [3][-]{subsubsection.6.3.1.2}{\376\377\0006\000.\0003\000.\0001\000.\0002\000\040\000M\000a\000t\000h\000e\000m\000a\000t\000i\000c\000s\000\050\000\051}{subsection.6.3.1}% 48
\BOOKMARK [2][-]{subsection.6.3.2}{\376\377\0006\000.\0003\000.\0002\000\040\000M\000e\000m\000b\000e\000r\000\040\000F\000u\000n\000c\000t\000i\000o\000n\000\040\000D\000o\000c\000u\000m\000e\000n\000t\000a\000t\000i\000o\000n}{section.6.3}% 49
\BOOKMARK [3][-]{subsubsection.6.3.2.1}{\376\377\0006\000.\0003\000.\0002\000.\0001\000\040\000f\000l\000a\000t\000\137\000a\000n\000g\000l\000e\000\137\000f\000r\000o\000m\000\137\000v\000e\000c\000t\000o\000r\000s\000\050\000Q\000V\000e\000c\000t\000o\000r\0003\000D\000\040\000v\000e\000c\000t\000o\000r\000\137\000a\000,\000\040\000Q\000V\000e\000c\000t\000o\000r\0003\000D\000\040\000v\000e\000c\000t\000o\000r\000\137\000b\000\051}{subsection.6.3.2}% 50
\BOOKMARK [3][-]{subsubsection.6.3.2.2}{\376\377\0006\000.\0003\000.\0002\000.\0002\000\040\000i\000n\000t\000e\000r\000s\000e\000c\000t\000Y\000a\000t\000\050\000Q\000V\000e\000c\000t\000o\000r\0003\000D\000\040\000r\000a\000y\000c\000a\000s\000t\000\137\000v\000e\000c\000t\000o\000r\000,\000\040\000Q\000V\000e\000c\000t\000o\000r\0003\000D\000\040\000c\000a\000m\000e\000r\000a\000\137\000p\000o\000s\000i\000t\000i\000o\000n\000,\000\040\000f\000l\000o\000a\000t\000\040\000y\000\137\000i\000n\000t\000e\000r\000s\000e\000c\000t\000\137\000p\000l\000a\000n\000e\000\051}{subsection.6.3.2}% 51
\BOOKMARK [3][-]{subsubsection.6.3.2.3}{\376\377\0006\000.\0003\000.\0002\000.\0003\000\040\000i\000n\000t\000e\000r\000s\000e\000c\000t\000Y\000n\000u\000l\000l\000\050\000Q\000V\000e\000c\000t\000o\000r\0003\000D\000\040\000r\000a\000y\000c\000a\000s\000t\000\137\000v\000e\000c\000t\000o\000r\000,\000\040\000Q\000V\000e\000c\000t\000o\000r\0003\000D\000\040\000c\000a\000m\000e\000r\000a\000\137\000p\000o\000s\000i\000t\000i\000o\000n\000\051}{subsection.6.3.2}% 52
\BOOKMARK [3][-]{subsubsection.6.3.2.4}{\376\377\0006\000.\0003\000.\0002\000.\0004\000\040\000m\000o\000u\000s\000e\000\137\000r\000a\000y\000c\000a\000s\000t\000\050\000i\000n\000t\000\040\000m\000o\000u\000s\000e\000\137\000x\000,\000\040\000i\000n\000t\000\040\000m\000o\000u\000s\000e\000\137\000y\000,\000\040\000i\000n\000t\000\040\000s\000c\000r\000e\000e\000n\000\137\000w\000i\000d\000t\000h\000,\000\040\000i\000n\000t\000\040\000s\000c\000r\000e\000e\000n\000\137\000h\000e\000i\000g\000h\000t\000,\000\040\000f\000l\000o\000a\000t\000\040\000i\000n\000v\000e\000r\000t\000\137\000s\000i\000g\000n\000,\000\040\000Q\000M\000a\000t\000r\000i\000x\0004\000x\0004\000\040\000v\000i\000e\000w\000\137\000m\000a\000t\000r\000i\000x\000,\000\040\000Q\000M\000a\000t\000r\000i\000x\0004\000x\0004\000\040\000p\000r\000o\000j\000e\000c\000t\000i\000o\000n\000\137\000m\000a\000t\000r\000i\000x\000\051}{subsection.6.3.2}% 53
\BOOKMARK [3][-]{subsubsection.6.3.2.5}{\376\377\0006\000.\0003\000.\0002\000.\0005\000\040\000p\000o\000i\000n\000t\000\137\000o\000n\000\137\000l\000i\000n\000e\000\050\000f\000l\000o\000a\000t\000\040\000x\000,\000\040\000Q\000V\000e\000c\000t\000o\000r\0003\000D\000\040\000p\000o\000i\000n\000t\000\137\000a\000,\000\040\000Q\000V\000e\000c\000t\000o\000r\0003\000D\000\040\000p\000o\000i\000n\000t\000\137\000b\000\051}{subsection.6.3.2}% 54
\BOOKMARK [3][-]{subsubsection.6.3.2.6}{\376\377\0006\000.\0003\000.\0002\000.\0006\000\040\000r\000e\000t\000u\000r\000n\000\137\000n\000e\000a\000r\000\137\000d\000e\000g\000r\000e\000e\000\050\000f\000l\000o\000a\000t\000\040\000d\000e\000g\000r\000e\000e\000s\000\051}{subsection.6.3.2}% 55
\BOOKMARK [3][-]{subsubsection.6.3.2.7}{\376\377\0006\000.\0003\000.\0002\000.\0007\000\040\000t\000r\000a\000n\000s\000f\000o\000r\000m\000\137\0003\000d\000\137\000t\000o\000\137\0002\000d\000\050\000Q\000M\000a\000t\000r\000i\000x\0004\000x\0004\000\040\000v\000i\000e\000w\000\137\000m\000a\000t\000r\000i\000x\000,\000\040\000Q\000M\000a\000t\000r\000i\000x\0004\000x\0004\000\040\000p\000r\000o\000j\000e\000c\000t\000i\000o\000n\000\137\000m\000a\000t\000r\000i\000x\000,\000\040\000Q\000V\000e\000c\000t\000o\000r\0003\000D\000\040\000p\000o\000i\000n\000t\000,\000\040\000i\000n\000t\000\040\000s\000c\000r\000e\000e\000n\000\137\000w\000i\000d\000t\000h\000,\000\040\000i\000n\000t\000\040\000s\000c\000r\000e\000e\000n\000\137\000h\000e\000i\000g\000h\000t\000\051}{subsection.6.3.2}% 56
\BOOKMARK [1][-]{section.6.4}{\376\377\0006\000.\0004\000\040\000M\000o\000d\000e\000l\000M\000e\000s\000h\000\040\000C\000l\000a\000s\000s\000\040\000R\000e\000f\000e\000r\000e\000n\000c\000e}{chapter.6}% 57
\BOOKMARK [2][-]{subsection.6.4.1}{\376\377\0006\000.\0004\000.\0001\000\040\000C\000o\000n\000s\000t\000r\000u\000c\000t\000o\000r\000\040\000\046\000\040\000D\000e\000s\000t\000r\000u\000c\000t\000o\000r\000\040\000D\000o\000c\000u\000m\000e\000n\000t\000a\000t\000i\000o\000n}{section.6.4}% 58
\BOOKMARK [3][-]{subsubsection.6.4.1.1}{\376\377\0006\000.\0004\000.\0001\000.\0001\000\040\000M\000o\000d\000e\000l\000M\000e\000s\000h\000\050\000Q\000S\000t\000r\000i\000n\000g\000\040\000f\000i\000l\000e\000n\000a\000m\000e\000\051}{subsection.6.4.1}% 59
\BOOKMARK [3][-]{subsubsection.6.4.1.2}{\376\377\0006\000.\0004\000.\0001\000.\0002\000\040\000M\000o\000d\000e\000l\000M\000e\000s\000h\000\050\000\051}{subsection.6.4.1}% 60
\BOOKMARK [2][-]{subsection.6.4.2}{\376\377\0006\000.\0004\000.\0002\000\040\000M\000e\000m\000b\000e\000r\000\040\000F\000u\000n\000c\000t\000i\000o\000n\000\040\000D\000o\000c\000u\000m\000e\000n\000t\000a\000t\000i\000o\000n}{section.6.4}% 61
\BOOKMARK [3][-]{subsubsection.6.4.2.1}{\376\377\0006\000.\0004\000.\0002\000.\0001\000\040\000D\000r\000a\000w\000\050\000\051}{subsection.6.4.2}% 62
\BOOKMARK [3][-]{subsubsection.6.4.2.2}{\376\377\0006\000.\0004\000.\0002\000.\0002\000\040\000L\000o\000a\000d\000O\000B\000J\000\050\000Q\000S\000t\000r\000i\000n\000g\000\040\000f\000i\000l\000e\000n\000a\000m\000e\000\051}{subsection.6.4.2}% 63
\BOOKMARK [2][-]{subsection.6.4.3}{\376\377\0006\000.\0004\000.\0003\000\040\000M\000e\000m\000b\000e\000r\000\040\000D\000a\000t\000a\000\040\000D\000o\000c\000u\000m\000e\000n\000t\000a\000t\000i\000o\000n}{section.6.4}% 64
\BOOKMARK [3][-]{subsubsection.6.4.3.1}{\376\377\0006\000.\0004\000.\0003\000.\0001\000\040\000n\000o\000r\000m\000a\000l\000I\000n\000d\000i\000c\000e\000s}{subsection.6.4.3}% 65
\BOOKMARK [3][-]{subsubsection.6.4.3.2}{\376\377\0006\000.\0004\000.\0003\000.\0002\000\040\000n\000o\000r\000m\000a\000l\000s}{subsection.6.4.3}% 66
\BOOKMARK [3][-]{subsubsection.6.4.3.3}{\376\377\0006\000.\0004\000.\0003\000.\0003\000\040\000t\000e\000x\000t\000u\000r\000e\000C\000o\000o\000r\000d\000i\000n\000a\000t\000e\000s}{subsection.6.4.3}% 67
\BOOKMARK [3][-]{subsubsection.6.4.3.4}{\376\377\0006\000.\0004\000.\0003\000.\0004\000\040\000u\000v\000I\000n\000d\000i\000c\000e\000s}{subsection.6.4.3}% 68
\BOOKMARK [3][-]{subsubsection.6.4.3.5}{\376\377\0006\000.\0004\000.\0003\000.\0005\000\040\000v\000e\000r\000t\000e\000x\000I\000n\000d\000i\000c\000e\000s}{subsection.6.4.3}% 69
\BOOKMARK [3][-]{subsubsection.6.4.3.6}{\376\377\0006\000.\0004\000.\0003\000.\0006\000\040\000v\000e\000r\000t\000i\000c\000e\000s}{subsection.6.4.3}% 70
\BOOKMARK [1][-]{section.6.5}{\376\377\0006\000.\0005\000\040\000N\000o\000d\000e\000\040\000C\000l\000a\000s\000s\000\040\000R\000e\000f\000e\000r\000e\000n\000c\000e}{chapter.6}% 71
\BOOKMARK [2][-]{subsection.6.5.1}{\376\377\0006\000.\0005\000.\0001\000\040\000C\000o\000n\000s\000t\000r\000u\000c\000t\000o\000r\000\040\000\046\000\040\000D\000e\000s\000t\000r\000u\000c\000t\000o\000r\000\040\000D\000o\000c\000u\000m\000e\000n\000t\000a\000t\000i\000o\000n}{section.6.5}% 72
\BOOKMARK [3][-]{subsubsection.6.5.1.1}{\376\377\0006\000.\0005\000.\0001\000.\0001\000\040\000N\000o\000d\000e\000\050\000\051}{subsection.6.5.1}% 73
\BOOKMARK [3][-]{subsubsection.6.5.1.2}{\376\377\0006\000.\0005\000.\0001\000.\0002\000\040\000N\000o\000d\000e\000\050\000Q\000V\000e\000c\000t\000o\000r\0003\000D\000\040\000p\000o\000s\000i\000t\000i\000o\000n\000\051}{subsection.6.5.1}% 74
\BOOKMARK [3][-]{subsubsection.6.5.1.3}{\376\377\0006\000.\0005\000.\0001\000.\0003\000\040\000N\000o\000d\000e\000\050\000Q\000V\000e\000c\000t\000o\000r\0003\000D\000\040\000p\000o\000s\000i\000t\000i\000o\000n\000,\000\040\000Q\000S\000t\000r\000i\000n\000g\000\040\000n\000a\000m\000e\000\051}{subsection.6.5.1}% 75
\BOOKMARK [2][-]{subsection.6.5.2}{\376\377\0006\000.\0005\000.\0002\000\040\000M\000e\000m\000b\000e\000r\000\040\000F\000u\000n\000c\000t\000i\000o\000n\000\040\000D\000o\000c\000u\000m\000e\000n\000t\000a\000t\000i\000o\000n}{section.6.5}% 76
\BOOKMARK [3][-]{subsubsection.6.5.2.1}{\376\377\0006\000.\0005\000.\0002\000.\0001\000\040\000A\000d\000d\000L\000i\000n\000k\000\050\000Q\000S\000t\000r\000i\000n\000g\000\040\000n\000a\000m\000e\000,\000\040\000i\000n\000t\000\040\000i\000n\000d\000e\000x\000\051}{subsection.6.5.2}% 77
\BOOKMARK [3][-]{subsubsection.6.5.2.2}{\376\377\0006\000.\0005\000.\0002\000.\0002\000\040\000a\000d\000d\000S\000h\000o\000r\000t\000e\000s\000t\000\050\000i\000n\000t\000\040\000i\000n\000d\000e\000x\000\051}{subsection.6.5.2}% 78
\BOOKMARK [3][-]{subsubsection.6.5.2.3}{\376\377\0006\000.\0005\000.\0002\000.\0003\000\040\000c\000l\000e\000a\000r\000P\000a\000t\000h\000\050\000\051}{subsection.6.5.2}% 79
\BOOKMARK [3][-]{subsubsection.6.5.2.4}{\376\377\0006\000.\0005\000.\0002\000.\0004\000\040\000c\000o\000u\000n\000t\000C\000o\000n\000n\000e\000c\000t\000e\000d\000\050\000\051}{subsection.6.5.2}% 80
\BOOKMARK [3][-]{subsubsection.6.5.2.5}{\376\377\0006\000.\0005\000.\0002\000.\0005\000\040\000g\000e\000t\000B\000i\000k\000e\000\050\000\051}{subsection.6.5.2}% 81
\BOOKMARK [3][-]{subsubsection.6.5.2.6}{\376\377\0006\000.\0005\000.\0002\000.\0006\000\040\000g\000e\000t\000C\000o\000l\000o\000r\000\050\000\051}{subsection.6.5.2}% 82
\BOOKMARK [3][-]{subsubsection.6.5.2.7}{\376\377\0006\000.\0005\000.\0002\000.\0007\000\040\000g\000e\000t\000C\000o\000n\000n\000e\000c\000t\000e\000d\000I\000n\000d\000e\000x\000\050\000i\000n\000t\000\040\000i\000n\000d\000e\000x\000\051}{subsection.6.5.2}% 83
\BOOKMARK [3][-]{subsubsection.6.5.2.8}{\376\377\0006\000.\0005\000.\0002\000.\0008\000\040\000g\000e\000t\000G\000\050\000\051}{subsection.6.5.2}% 84
\BOOKMARK [3][-]{subsubsection.6.5.2.9}{\376\377\0006\000.\0005\000.\0002\000.\0009\000\040\000g\000e\000t\000L\000i\000n\000k\000e\000d\000N\000a\000m\000e\000\050\000i\000n\000t\000\040\000i\000n\000d\000e\000x\000\051}{subsection.6.5.2}% 85
\BOOKMARK [3][-]{subsubsection.6.5.2.10}{\376\377\0006\000.\0005\000.\0002\000.\0001\0000\000\040\000g\000e\000t\000N\000a\000m\000e\000\050\000\051}{subsection.6.5.2}% 86
\BOOKMARK [3][-]{subsubsection.6.5.2.11}{\376\377\0006\000.\0005\000.\0002\000.\0001\0001\000\040\000g\000e\000t\000S\000h\000o\000r\000t\000e\000s\000t\000I\000n\000d\000e\000x\000\050\000\051}{subsection.6.5.2}% 87
\BOOKMARK [3][-]{subsubsection.6.5.2.12}{\376\377\0006\000.\0005\000.\0002\000.\0001\0002\000\040\000g\000e\000t\000S\000i\000g\000n\000i\000f\000i\000c\000a\000n\000t\000\050\000\051}{subsection.6.5.2}% 88
\BOOKMARK [3][-]{subsubsection.6.5.2.13}{\376\377\0006\000.\0005\000.\0002\000.\0001\0003\000\040\000g\000e\000t\000V\000e\000h\000i\000c\000l\000e\000\050\000\051}{subsection.6.5.2}% 89
\BOOKMARK [3][-]{subsubsection.6.5.2.14}{\376\377\0006\000.\0005\000.\0002\000.\0001\0004\000\040\000g\000e\000t\000W\000a\000l\000k\000\050\000\051}{subsection.6.5.2}% 90
\BOOKMARK [3][-]{subsubsection.6.5.2.15}{\376\377\0006\000.\0005\000.\0002\000.\0001\0005\000\040\000g\000e\000t\000W\000h\000e\000e\000l\000C\000h\000a\000i\000r\000\050\000\051}{subsection.6.5.2}% 91
\BOOKMARK [3][-]{subsubsection.6.5.2.16}{\376\377\0006\000.\0005\000.\0002\000.\0001\0006\000\040\000M\000o\000v\000e\000L\000i\000n\000k\000e\000d\000I\000n\000d\000e\000x\000B\000a\000c\000k\000\050\000i\000n\000t\000\040\000i\000n\000d\000e\000x\000\051}{subsection.6.5.2}% 92
\BOOKMARK [3][-]{subsubsection.6.5.2.17}{\376\377\0006\000.\0005\000.\0002\000.\0001\0007\000\040\000P\000o\000s\000i\000t\000i\000o\000n\000\050\000\051}{subsection.6.5.2}% 93
\BOOKMARK [3][-]{subsubsection.6.5.2.18}{\376\377\0006\000.\0005\000.\0002\000.\0001\0008\000\040\000R\000e\000m\000o\000v\000e\000L\000i\000n\000k\000e\000d\000F\000r\000o\000m\000I\000n\000d\000e\000x\000\050\000i\000n\000t\000\040\000i\000n\000d\000e\000x\000\051}{subsection.6.5.2}% 94
\BOOKMARK [3][-]{subsubsection.6.5.2.19}{\376\377\0006\000.\0005\000.\0002\000.\0001\0009\000\040\000s\000e\000t\000B\000i\000k\000e\000\050\000b\000o\000o\000l\000\040\000c\000a\000n\000\137\000u\000s\000e\000\137\000b\000i\000k\000e\000\051}{subsection.6.5.2}% 95
\BOOKMARK [3][-]{subsubsection.6.5.2.20}{\376\377\0006\000.\0005\000.\0002\000.\0002\0000\000\040\000s\000e\000t\000C\000o\000l\000o\000r\000\050\000Q\000V\000e\000c\000t\000o\000r\0003\000D\000\040\000r\000g\000b\000\051}{subsection.6.5.2}% 96
\BOOKMARK [3][-]{subsubsection.6.5.2.21}{\376\377\0006\000.\0005\000.\0002\000.\0002\0001\000\040\000s\000e\000t\000D\000e\000s\000t\000i\000n\000a\000t\000i\000o\000n\000N\000o\000d\000e\000\050\000\051}{subsection.6.5.2}% 97
\BOOKMARK [3][-]{subsubsection.6.5.2.22}{\376\377\0006\000.\0005\000.\0002\000.\0002\0002\000\040\000s\000e\000t\000G\000\050\000d\000o\000u\000b\000l\000e\000\040\000g\000\051}{subsection.6.5.2}% 98
\BOOKMARK [3][-]{subsubsection.6.5.2.23}{\376\377\0006\000.\0005\000.\0002\000.\0002\0003\000\040\000s\000e\000t\000N\000a\000m\000e\000\050\000Q\000S\000t\000r\000i\000n\000g\000\051}{subsection.6.5.2}% 99
\BOOKMARK [3][-]{subsubsection.6.5.2.24}{\376\377\0006\000.\0005\000.\0002\000.\0002\0004\000\040\000s\000e\000t\000S\000h\000o\000r\000t\000e\000s\000t\000\050\000i\000n\000t\000\040\000i\000n\000d\000e\000x\000\051}{subsection.6.5.2}% 100
\BOOKMARK [3][-]{subsubsection.6.5.2.25}{\376\377\0006\000.\0005\000.\0002\000.\0002\0005\000\040\000s\000e\000t\000S\000i\000g\000n\000i\000f\000i\000c\000a\000n\000t\000\050\000b\000o\000o\000l\000\040\000i\000s\000\137\000s\000i\000g\000n\000i\000f\000i\000c\000a\000n\000t\000\051}{subsection.6.5.2}% 101
\BOOKMARK [3][-]{subsubsection.6.5.2.26}{\376\377\0006\000.\0005\000.\0002\000.\0002\0006\000\040\000s\000e\000t\000S\000o\000u\000r\000c\000e\000N\000o\000d\000e\000\050\000\051}{subsection.6.5.2}% 102
\BOOKMARK [3][-]{subsubsection.6.5.2.27}{\376\377\0006\000.\0005\000.\0002\000.\0002\0007\000\040\000s\000e\000t\000V\000e\000h\000i\000c\000l\000e\000\050\000b\000o\000o\000l\000\040\000c\000a\000n\000\137\000u\000s\000e\000\137\000v\000e\000h\000i\000c\000l\000e\000\051}{subsection.6.5.2}% 103
\BOOKMARK [3][-]{subsubsection.6.5.2.28}{\376\377\0006\000.\0005\000.\0002\000.\0002\0008\000\040\000s\000e\000t\000W\000a\000l\000k\000\050\000b\000o\000o\000l\000\040\000c\000a\000n\000\137\000w\000a\000l\000k\000\051}{subsection.6.5.2}% 104
\BOOKMARK [3][-]{subsubsection.6.5.2.29}{\376\377\0006\000.\0005\000.\0002\000.\0002\0009\000\040\000s\000e\000t\000W\000h\000e\000e\000l\000C\000h\000a\000i\000r\000\050\000b\000o\000o\000l\000\040\000c\000a\000n\000\137\000u\000s\000e\000\137\000w\000h\000e\000e\000l\000c\000h\000a\000i\000r\000\051}{subsection.6.5.2}% 105
\BOOKMARK [1][-]{section.6.6}{\376\377\0006\000.\0006\000\040\000N\000o\000d\000e\000B\000u\000t\000t\000o\000n\000\040\000C\000l\000a\000s\000s\000\040\000R\000e\000f\000e\000r\000e\000n\000c\000e}{chapter.6}% 106
\BOOKMARK [2][-]{subsection.6.6.1}{\376\377\0006\000.\0006\000.\0001\000\040\000C\000o\000n\000s\000t\000r\000u\000c\000t\000o\000r\000\040\000\046\000\040\000D\000e\000s\000t\000r\000u\000c\000t\000o\000r\000\040\000D\000o\000c\000u\000m\000e\000n\000t\000a\000t\000i\000o\000n}{section.6.6}% 107
\BOOKMARK [3][-]{subsubsection.6.6.1.1}{\376\377\0006\000.\0006\000.\0001\000.\0001\000\040\000N\000o\000d\000e\000B\000u\000t\000t\000o\000n\000\050\000Q\000W\000i\000d\000g\000e\000t\000\040\000p\000a\000r\000e\000n\000t\000=\0000\000\051}{subsection.6.6.1}% 108
\BOOKMARK [3][-]{subsubsection.6.6.1.2}{\376\377\0006\000.\0006\000.\0001\000.\0002\000\040\000N\000o\000d\000e\000B\000u\000t\000t\000o\000n\000\050\000\051}{subsection.6.6.1}% 109
\BOOKMARK [2][-]{subsection.6.6.2}{\376\377\0006\000.\0006\000.\0002\000\040\000M\000e\000m\000b\000e\000r\000\040\000F\000u\000n\000c\000t\000i\000o\000n\000\040\000D\000o\000c\000u\000m\000e\000n\000t\000a\000t\000i\000o\000n}{section.6.6}% 110
\BOOKMARK [3][-]{subsubsection.6.6.2.1}{\376\377\0006\000.\0006\000.\0002\000.\0001\000\040\000c\000l\000i\000c\000k\000e\000d\000\137\000i\000n\000d\000e\000x}{subsection.6.6.2}% 111
\BOOKMARK [3][-]{subsubsection.6.6.2.2}{\376\377\0006\000.\0006\000.\0002\000.\0002\000\040\000g\000e\000t\000I\000n\000d\000e\000x\000\050\000\051}{subsection.6.6.2}% 112
\BOOKMARK [3][-]{subsubsection.6.6.2.3}{\376\377\0006\000.\0006\000.\0002\000.\0003\000\040\000i\000s\000D\000i\000r\000e\000c\000t\000o\000r\000y\000\050\000\051}{subsection.6.6.2}% 113
\BOOKMARK [3][-]{subsubsection.6.6.2.4}{\376\377\0006\000.\0006\000.\0002\000.\0004\000\040\000m\000o\000u\000s\000e\000P\000r\000e\000s\000s\000E\000v\000e\000n\000t\000\050\000Q\000M\000o\000u\000s\000e\000E\000v\000e\000n\000t\000\040\000e\000v\000e\000n\000t\000\051}{subsection.6.6.2}% 114
\BOOKMARK [3][-]{subsubsection.6.6.2.5}{\376\377\0006\000.\0006\000.\0002\000.\0005\000\040\000s\000e\000t\000D\000i\000r\000e\000c\000t\000o\000r\000y\000\050\000b\000o\000o\000l\000\040\000i\000s\000\137\000d\000i\000r\000e\000c\000t\000o\000r\000y\000\051}{subsection.6.6.2}% 115
\BOOKMARK [3][-]{subsubsection.6.6.2.6}{\376\377\0006\000.\0006\000.\0002\000.\0006\000\040\000s\000e\000t\000I\000n\000d\000e\000x\000\050\000i\000n\000t\000\040\000i\000n\000d\000e\000x\000\051}{subsection.6.6.2}% 116
\BOOKMARK [1][-]{section.6.7}{\376\377\0006\000.\0007\000\040\000N\000o\000d\000e\000H\000a\000n\000d\000l\000e\000r\000\040\000C\000l\000a\000s\000s\000\040\000R\000e\000f\000e\000r\000e\000n\000c\000e}{chapter.6}% 117
\BOOKMARK [2][-]{subsection.6.7.1}{\376\377\0006\000.\0007\000.\0001\000\040\000C\000o\000n\000s\000t\000r\000u\000c\000t\000o\000r\000\040\000\046\000\040\000D\000e\000s\000t\000r\000u\000c\000t\000o\000r\000\040\000D\000o\000c\000u\000m\000e\000n\000t\000a\000t\000i\000o\000n}{section.6.7}% 118
\BOOKMARK [3][-]{subsubsection.6.7.1.1}{\376\377\0006\000.\0007\000.\0001\000.\0001\000\040\000N\000o\000d\000e\000H\000a\000n\000d\000l\000e\000r\000\050\000\051}{subsection.6.7.1}% 119
\BOOKMARK [2][-]{subsection.6.7.2}{\376\377\0006\000.\0007\000.\0002\000\040\000M\000e\000m\000b\000e\000r\000\040\000F\000u\000n\000c\000t\000i\000o\000n\000\040\000D\000o\000c\000u\000m\000e\000n\000t\000a\000t\000i\000o\000n}{section.6.7}% 120
\BOOKMARK [3][-]{subsubsection.6.7.2.1}{\376\377\0006\000.\0007\000.\0002\000.\0001\000\040\000A\000d\000d\000N\000o\000d\000e\000\050\000N\000o\000d\000e\000\040\000n\000o\000d\000e\000\051}{subsection.6.7.2}% 121
\BOOKMARK [3][-]{subsubsection.6.7.2.2}{\376\377\0006\000.\0007\000.\0002\000.\0002\000\040\000A\000d\000d\000N\000o\000d\000e\000L\000i\000n\000k\000\050\000i\000n\000t\000\040\000i\000n\000d\000e\000x\000,\000\040\000Q\000S\000t\000r\000i\000n\000g\000\040\000n\000a\000m\000e\000\051}{subsection.6.7.2}% 122
\BOOKMARK [3][-]{subsubsection.6.7.2.3}{\376\377\0006\000.\0007\000.\0002\000.\0003\000\040\000A\000d\000d\000N\000o\000d\000e\000L\000i\000n\000k\000b\000y\000I\000n\000d\000e\000x\000\050\000i\000n\000t\000\040\000i\000n\000d\000e\000x\0001\000,\000\040\000i\000n\000t\000\040\000i\000n\000d\000e\000x\0002\000\051}{subsection.6.7.2}% 123
\BOOKMARK [3][-]{subsubsection.6.7.2.4}{\376\377\0006\000.\0007\000.\0002\000.\0004\000\040\000C\000a\000l\000c\000u\000l\000a\000t\000e\000S\000h\000o\000r\000t\000e\000s\000t\000\050\000i\000n\000t\000\040\000s\000t\000a\000r\000t\000,\000\040\000i\000n\000t\000\040\000f\000i\000n\000i\000s\000h\000\051}{subsection.6.7.2}% 124
\BOOKMARK [3][-]{subsubsection.6.7.2.5}{\376\377\0006\000.\0007\000.\0002\000.\0005\000\040\000c\000o\000u\000n\000t\000\050\000\051}{subsection.6.7.2}% 125
\BOOKMARK [3][-]{subsubsection.6.7.2.6}{\376\377\0006\000.\0007\000.\0002\000.\0006\000\040\000N\000o\000d\000e\000F\000r\000o\000m\000I\000n\000d\000e\000x\000\050\000u\000n\000s\000i\000g\000n\000e\000d\000\040\000i\000n\000t\000\040\000i\000n\000d\000e\000x\000\051}{subsection.6.7.2}% 126
\BOOKMARK [3][-]{subsubsection.6.7.2.7}{\376\377\0006\000.\0007\000.\0002\000.\0007\000\040\000p\000a\000t\000h\000c\000o\000u\000n\000t\000\050\000\051}{subsection.6.7.2}% 127
\BOOKMARK [3][-]{subsubsection.6.7.2.8}{\376\377\0006\000.\0007\000.\0002\000.\0008\000\040\000p\000a\000t\000h\000i\000n\000d\000e\000x\000\050\000i\000n\000t\000\040\000s\000h\000o\000r\000t\000e\000s\000t\000\137\000i\000n\000d\000e\000x\000\051}{subsection.6.7.2}% 128
\BOOKMARK [3][-]{subsubsection.6.7.2.9}{\376\377\0006\000.\0007\000.\0002\000.\0009\000\040\000R\000e\000a\000d\000F\000i\000l\000e\000P\000V\000C\000\050\000Q\000S\000t\000r\000i\000n\000g\000\040\000f\000i\000l\000e\000n\000a\000m\000e\000\051}{subsection.6.7.2}% 129
\BOOKMARK [1][-]{section.6.8}{\376\377\0006\000.\0008\000\040\000P\000r\000e\000m\000i\000s\000e\000s\000E\000x\000p\000o\000r\000t\000e\000r\000\040\000C\000l\000a\000s\000s\000\040\000R\000e\000f\000e\000r\000e\000n\000c\000e}{chapter.6}% 130
\BOOKMARK [2][-]{subsection.6.8.1}{\376\377\0006\000.\0008\000.\0001\000\040\000C\000o\000n\000s\000t\000r\000u\000c\000t\000o\000r\000\040\000\046\000\040\000D\000e\000s\000t\000r\000u\000c\000t\000o\000r\000\040\000D\000o\000c\000u\000m\000e\000n\000t\000a\000t\000i\000o\000n}{section.6.8}% 131
\BOOKMARK [3][-]{subsubsection.6.8.1.1}{\376\377\0006\000.\0008\000.\0001\000.\0001\000\040\000P\000r\000e\000m\000i\000s\000e\000s\000E\000x\000p\000o\000r\000t\000e\000r\000\050\000\051}{subsection.6.8.1}% 132
\BOOKMARK [2][-]{subsection.6.8.2}{\376\377\0006\000.\0008\000.\0002\000\040\000M\000e\000m\000b\000e\000r\000\040\000F\000u\000n\000c\000t\000i\000o\000n\000\040\000D\000o\000c\000u\000m\000e\000n\000t\000a\000t\000i\000o\000n}{section.6.8}% 133
\BOOKMARK [3][-]{subsubsection.6.8.2.1}{\376\377\0006\000.\0008\000.\0002\000.\0001\000\040\000e\000x\000p\000o\000r\000t\000\137\000d\000i\000r\000e\000c\000t\000o\000r\000i\000e\000s\000\050\000Q\000V\000e\000c\000t\000o\000r\000<\000\040\000Q\000S\000t\000r\000i\000n\000g\000\040\000>\000\040\000d\000i\000r\000e\000c\000t\000o\000r\000y\000,\000\040\000Q\000V\000e\000c\000t\000o\000r\000<\000\040\000Q\000S\000t\000r\000i\000n\000g\000\040\000>\000\040\000d\000i\000r\000e\000c\000t\000o\000r\000y\000\137\000l\000i\000s\000t\000,\000\040\000Q\000V\000e\000c\000t\000o\000r\000<\000\040\000Q\000S\000t\000r\000i\000n\000g\000\040\000>\000\040\000s\000t\000a\000r\000t\000u\000p\000\137\000m\000e\000n\000u\000,\000\040\000Q\000S\000t\000r\000i\000n\000g\000\040\000f\000i\000l\000e\000n\000a\000m\000e\000\051}{subsection.6.8.2}% 134
\BOOKMARK [3][-]{subsubsection.6.8.2.2}{\376\377\0006\000.\0008\000.\0002\000.\0002\000\040\000e\000x\000p\000o\000r\000t\000\137\000e\000n\000v\000i\000r\000o\000n\000m\000e\000n\000t\000\050\000Q\000V\000e\000c\000t\000o\000r\000<\000\040\000V\000i\000s\000u\000a\000l\000O\000b\000j\000e\000c\000t\000\040\000\040\000>\000\040\000o\000b\000j\000e\000c\000t\000\137\000l\000i\000s\000t\000,\000\040\000Q\000S\000t\000r\000i\000n\000g\000\040\000f\000i\000l\000e\000n\000a\000m\000e\000\051}{subsection.6.8.2}% 135
\BOOKMARK [3][-]{subsubsection.6.8.2.3}{\376\377\0006\000.\0008\000.\0002\000.\0003\000\040\000e\000x\000p\000o\000r\000t\000\137\000n\000o\000d\000e\000s\000\050\000Q\000V\000e\000c\000t\000o\000r\000<\000\040\000N\000o\000d\000e\000\040\000\040\000>\000\040\000n\000o\000d\000e\000\137\000l\000i\000s\000t\000,\000\040\000Q\000S\000t\000r\000i\000n\000g\000\040\000f\000i\000l\000e\000n\000a\000m\000e\000\051}{subsection.6.8.2}% 136
\BOOKMARK [3][-]{subsubsection.6.8.2.4}{\376\377\0006\000.\0008\000.\0002\000.\0004\000\040\000e\000x\000p\000o\000r\000t\000\137\000t\000e\000x\000t\000u\000r\000e\000\050\000Q\000V\000e\000c\000t\000o\000r\000<\000\040\000Q\000S\000t\000r\000i\000n\000g\000\040\000>\000\040\000t\000e\000x\000t\000u\000r\000e\000\137\000p\000a\000t\000h\000s\000,\000\040\000Q\000S\000t\000r\000i\000n\000g\000\040\000f\000i\000l\000e\000n\000a\000m\000e\000\051}{subsection.6.8.2}% 137
\BOOKMARK [3][-]{subsubsection.6.8.2.5}{\376\377\0006\000.\0008\000.\0002\000.\0005\000\040\000f\000i\000l\000e\000E\000x\000i\000s\000t\000s\000\050\000Q\000S\000t\000r\000i\000n\000g\000\040\000f\000i\000l\000e\000n\000a\000m\000e\000\051}{subsection.6.8.2}% 138
\BOOKMARK [1][-]{section.6.9}{\376\377\0006\000.\0009\000\040\000R\000e\000n\000d\000e\000r\000S\000t\000a\000t\000e\000\040\000C\000l\000a\000s\000s\000\040\000R\000e\000f\000e\000r\000e\000n\000c\000e}{chapter.6}% 139
\BOOKMARK [2][-]{subsection.6.9.1}{\376\377\0006\000.\0009\000.\0001\000\040\000C\000o\000n\000s\000t\000r\000u\000c\000t\000o\000r\000\040\000\046\000\040\000D\000e\000s\000t\000r\000u\000c\000t\000o\000r\000\040\000D\000o\000c\000u\000m\000e\000n\000t\000a\000t\000i\000o\000n}{section.6.9}% 140
\BOOKMARK [3][-]{subsubsection.6.9.1.1}{\376\377\0006\000.\0009\000.\0001\000.\0001\000\040\000R\000e\000n\000d\000e\000r\000S\000t\000a\000t\000e\000\050\000Q\000W\000i\000d\000g\000e\000t\000\040\000p\000a\000r\000e\000n\000t\000=\0000\000\051}{subsection.6.9.1}% 141
\BOOKMARK [3][-]{subsubsection.6.9.1.2}{\376\377\0006\000.\0009\000.\0001\000.\0002\000\040\000R\000e\000n\000d\000e\000r\000S\000t\000a\000t\000e\000\050\000\051}{subsection.6.9.1}% 142
\BOOKMARK [2][-]{subsection.6.9.2}{\376\377\0006\000.\0009\000.\0002\000\040\000M\000e\000m\000b\000e\000r\000\040\000F\000u\000n\000c\000t\000i\000o\000n\000\040\000D\000o\000c\000u\000m\000e\000n\000t\000a\000t\000i\000o\000n}{section.6.9}% 143
\BOOKMARK [3][-]{subsubsection.6.9.2.1}{\376\377\0006\000.\0009\000.\0002\000.\0001\000\040\000i\000n\000i\000t\000i\000a\000l\000i\000z\000e\000G\000L\000\050\000\051}{subsection.6.9.2}% 144
\BOOKMARK [3][-]{subsubsection.6.9.2.2}{\376\377\0006\000.\0009\000.\0002\000.\0002\000\040\000m\000o\000u\000s\000e\000M\000o\000v\000e\000E\000v\000e\000n\000t\000\050\000Q\000M\000o\000u\000s\000e\000E\000v\000e\000n\000t\000\040\000e\000v\000e\000n\000t\000\051}{subsection.6.9.2}% 145
\BOOKMARK [3][-]{subsubsection.6.9.2.3}{\376\377\0006\000.\0009\000.\0002\000.\0003\000\040\000m\000o\000u\000s\000e\000P\000r\000e\000s\000s\000E\000v\000e\000n\000t\000\050\000Q\000M\000o\000u\000s\000e\000E\000v\000e\000n\000t\000\040\000e\000v\000e\000n\000t\000\051}{subsection.6.9.2}% 146
\BOOKMARK [3][-]{subsubsection.6.9.2.4}{\376\377\0006\000.\0009\000.\0002\000.\0004\000\040\000m\000o\000u\000s\000e\000R\000e\000l\000e\000a\000s\000e\000E\000v\000e\000n\000t\000\050\000Q\000M\000o\000u\000s\000e\000E\000v\000e\000n\000t\000\040\000e\000v\000e\000n\000t\000\051}{subsection.6.9.2}% 147
\BOOKMARK [3][-]{subsubsection.6.9.2.5}{\376\377\0006\000.\0009\000.\0002\000.\0005\000\040\000o\000p\000e\000n\000g\000l\000\137\000i\000n\000i\000t\000i\000a\000l\000i\000s\000e\000d}{subsection.6.9.2}% 148
\BOOKMARK [3][-]{subsubsection.6.9.2.6}{\376\377\0006\000.\0009\000.\0002\000.\0006\000\040\000p\000a\000i\000n\000t\000G\000L\000\050\000\051}{subsection.6.9.2}% 149
\BOOKMARK [3][-]{subsubsection.6.9.2.7}{\376\377\0006\000.\0009\000.\0002\000.\0007\000\040\000r\000e\000s\000i\000z\000e\000G\000L\000\050\000i\000n\000t\000\040\000w\000i\000d\000t\000h\000,\000\040\000i\000n\000t\000\040\000h\000e\000i\000g\000h\000t\000\051}{subsection.6.9.2}% 150
\BOOKMARK [3][-]{subsubsection.6.9.2.8}{\376\377\0006\000.\0009\000.\0002\000.\0008\000\040\000w\000h\000e\000e\000l\000E\000v\000e\000n\000t\000\050\000Q\000W\000h\000e\000e\000l\000E\000v\000e\000n\000t\000\040\000e\000v\000e\000n\000t\000\051}{subsection.6.9.2}% 151
\BOOKMARK [1][-]{section.6.10}{\376\377\0006\000.\0001\0000\000\040\000S\000m\000t\000p\000\040\000C\000l\000a\000s\000s\000\040\000R\000e\000f\000e\000r\000e\000n\000c\000e}{chapter.6}% 152
\BOOKMARK [2][-]{subsection.6.10.1}{\376\377\0006\000.\0001\0000\000.\0001\000\040\000C\000o\000n\000s\000t\000r\000u\000c\000t\000o\000r\000\040\000\046\000\040\000D\000e\000s\000t\000r\000u\000c\000t\000o\000r\000\040\000D\000o\000c\000u\000m\000e\000n\000t\000a\000t\000i\000o\000n}{section.6.10}% 153
\BOOKMARK [3][-]{subsubsection.6.10.1.1}{\376\377\0006\000.\0001\0000\000.\0001\000.\0001\000\040\000S\000m\000t\000p\000\050\000c\000o\000n\000s\000t\000\040\000Q\000S\000t\000r\000i\000n\000g\000\040\000\046\000u\000s\000e\000r\000,\000\040\000c\000o\000n\000s\000t\000\040\000Q\000S\000t\000r\000i\000n\000g\000\040\000\046\000p\000a\000s\000s\000,\000\040\000c\000o\000n\000s\000t\000\040\000Q\000S\000t\000r\000i\000n\000g\000\040\000\046\000h\000o\000s\000t\000,\000\040\000i\000n\000t\000\040\000p\000o\000r\000t\000=\0004\0006\0005\000,\000\040\000i\000n\000t\000\040\000t\000i\000m\000e\000o\000u\000t\000=\0003\0000\0000\0000\0000\000\051}{subsection.6.10.1}% 154
\BOOKMARK [3][-]{subsubsection.6.10.1.2}{\376\377\0006\000.\0001\0000\000.\0001\000.\0002\000\040\000S\000m\000t\000p\000\050\000\051}{subsection.6.10.1}% 155
\BOOKMARK [2][-]{subsection.6.10.2}{\376\377\0006\000.\0001\0000\000.\0002\000\040\000M\000e\000m\000b\000e\000r\000\040\000F\000u\000n\000c\000t\000i\000o\000n\000\040\000D\000o\000c\000u\000m\000e\000n\000t\000a\000t\000i\000o\000n}{section.6.10}% 156
\BOOKMARK [3][-]{subsubsection.6.10.2.1}{\376\377\0006\000.\0001\0000\000.\0002\000.\0001\000\040\000s\000e\000n\000d\000M\000a\000i\000l\000\050\000c\000o\000n\000s\000t\000\040\000Q\000S\000t\000r\000i\000n\000g\000\040\000\046\000f\000r\000o\000m\000,\000\040\000c\000o\000n\000s\000t\000\040\000Q\000S\000t\000r\000i\000n\000g\000\040\000\046\000t\000o\000,\000\040\000c\000o\000n\000s\000t\000\040\000Q\000S\000t\000r\000i\000n\000g\000\040\000\046\000s\000u\000b\000j\000e\000c\000t\000,\000\040\000c\000o\000n\000s\000t\000\040\000Q\000S\000t\000r\000i\000n\000g\000\040\000\046\000b\000o\000d\000y\000,\000\040\000Q\000S\000t\000r\000i\000n\000g\000L\000i\000s\000t\000\040\000f\000i\000l\000e\000s\000=\000Q\000S\000t\000r\000i\000n\000g\000L\000i\000s\000t\000\050\000\051\000\051}{subsection.6.10.2}% 157
\BOOKMARK [3][-]{subsubsection.6.10.2.2}{\376\377\0006\000.\0001\0000\000.\0002\000.\0002\000\040\000s\000t\000a\000t\000u\000s}{subsection.6.10.2}% 158
\BOOKMARK [1][-]{section.6.11}{\376\377\0006\000.\0001\0001\000\040\000U\000s\000e\000r\000I\000n\000t\000e\000r\000f\000a\000c\000e\000C\000r\000e\000a\000t\000o\000r\000\040\000C\000l\000a\000s\000s\000\040\000R\000e\000f\000e\000r\000e\000n\000c\000e}{chapter.6}% 159
\BOOKMARK [2][-]{subsection.6.11.1}{\376\377\0006\000.\0001\0001\000.\0001\000\040\000C\000o\000n\000s\000t\000r\000u\000c\000t\000o\000r\000\040\000\046\000\040\000D\000e\000s\000t\000r\000u\000c\000t\000o\000r\000\040\000D\000o\000c\000u\000m\000e\000n\000t\000a\000t\000i\000o\000n}{section.6.11}% 160
\BOOKMARK [3][-]{subsubsection.6.11.1.1}{\376\377\0006\000.\0001\0001\000.\0001\000.\0001\000\040\000U\000s\000e\000r\000I\000n\000t\000e\000r\000f\000a\000c\000e\000C\000r\000e\000a\000t\000o\000r\000\050\000Q\000W\000i\000d\000g\000e\000t\000\040\000p\000a\000r\000e\000n\000t\000=\0000\000\051}{subsection.6.11.1}% 161
\BOOKMARK [3][-]{subsubsection.6.11.1.2}{\376\377\0006\000.\0001\0001\000.\0001\000.\0002\000\040\000U\000s\000e\000r\000I\000n\000t\000e\000r\000f\000a\000c\000e\000C\000r\000e\000a\000t\000o\000r\000\050\000\051}{subsection.6.11.1}% 162
\BOOKMARK [1][-]{section.6.12}{\376\377\0006\000.\0001\0002\000\040\000V\000i\000r\000t\000u\000a\000l\000C\000o\000n\000c\000i\000e\000r\000g\000e\000\040\000C\000l\000a\000s\000s\000\040\000R\000e\000f\000e\000r\000e\000n\000c\000e}{chapter.6}% 163
\BOOKMARK [2][-]{subsection.6.12.1}{\376\377\0006\000.\0001\0002\000.\0001\000\040\000C\000o\000n\000s\000t\000r\000u\000c\000t\000o\000r\000\040\000\046\000\040\000D\000e\000s\000t\000r\000u\000c\000t\000o\000r\000\040\000D\000o\000c\000u\000m\000e\000n\000t\000a\000t\000i\000o\000n}{section.6.12}% 164
\BOOKMARK [3][-]{subsubsection.6.12.1.1}{\376\377\0006\000.\0001\0002\000.\0001\000.\0001\000\040\000V\000i\000r\000t\000u\000a\000l\000C\000o\000n\000c\000i\000e\000r\000g\000e\000\050\000Q\000W\000i\000d\000g\000e\000t\000\040\000p\000a\000r\000e\000n\000t\000=\0000\000\051}{subsection.6.12.1}% 165
\BOOKMARK [3][-]{subsubsection.6.12.1.2}{\376\377\0006\000.\0001\0002\000.\0001\000.\0002\000\040\000V\000i\000r\000t\000u\000a\000l\000C\000o\000n\000c\000i\000e\000r\000g\000e\000\050\000\051}{subsection.6.12.1}% 166
\BOOKMARK [2][-]{subsection.6.12.2}{\376\377\0006\000.\0001\0002\000.\0002\000\040\000M\000e\000m\000b\000e\000r\000\040\000F\000u\000n\000c\000t\000i\000o\000n\000\040\000D\000o\000c\000u\000m\000e\000n\000t\000a\000t\000i\000o\000n}{section.6.12}% 167
\BOOKMARK [3][-]{subsubsection.6.12.2.1}{\376\377\0006\000.\0001\0002\000.\0002\000.\0001\000\040\000f\000i\000n\000d\000\137\000p\000a\000t\000h}{subsection.6.12.2}% 168
\BOOKMARK [1][-]{section.6.13}{\376\377\0006\000.\0001\0003\000\040\000V\000i\000r\000t\000u\000a\000l\000C\000o\000n\000c\000i\000e\000r\000g\000e\000R\000e\000n\000d\000e\000r\000s\000t\000a\000t\000e\000\040\000C\000l\000a\000s\000s\000\040\000R\000e\000f\000e\000r\000e\000n\000c\000e}{chapter.6}% 169
\BOOKMARK [2][-]{subsection.6.13.1}{\376\377\0006\000.\0001\0003\000.\0001\000\040\000C\000o\000n\000s\000t\000r\000u\000c\000t\000o\000r\000\040\000\046\000\040\000D\000e\000s\000t\000r\000u\000c\000t\000o\000r\000\040\000D\000o\000c\000u\000m\000e\000n\000t\000a\000t\000i\000o\000n}{section.6.13}% 170
\BOOKMARK [3][-]{subsubsection.6.13.1.1}{\376\377\0006\000.\0001\0003\000.\0001\000.\0001\000\040\000V\000i\000r\000t\000u\000a\000l\000C\000o\000n\000c\000i\000e\000r\000g\000e\000R\000e\000n\000d\000e\000r\000s\000t\000a\000t\000e\000\050\000Q\000W\000i\000d\000g\000e\000t\000\040\000p\000a\000r\000e\000n\000t\000=\0000\000\051}{subsection.6.13.1}% 171
\BOOKMARK [3][-]{subsubsection.6.13.1.2}{\376\377\0006\000.\0001\0003\000.\0001\000.\0002\000\040\000V\000i\000r\000t\000u\000a\000l\000C\000o\000n\000c\000i\000e\000r\000g\000e\000R\000e\000n\000d\000e\000r\000s\000t\000a\000t\000e\000\050\000\051}{subsection.6.13.1}% 172
\BOOKMARK [2][-]{subsection.6.13.2}{\376\377\0006\000.\0001\0003\000.\0002\000\040\000M\000e\000m\000b\000e\000r\000\040\000F\000u\000n\000c\000t\000i\000o\000n\000\040\000D\000o\000c\000u\000m\000e\000n\000t\000a\000t\000i\000o\000n}{section.6.13}% 173
\BOOKMARK [3][-]{subsubsection.6.13.2.1}{\376\377\0006\000.\0001\0003\000.\0002\000.\0001\000\040\000i\000n\000i\000t\000i\000a\000l\000i\000z\000e\000G\000L\000\050\000\051}{subsection.6.13.2}% 174
\BOOKMARK [3][-]{subsubsection.6.13.2.2}{\376\377\0006\000.\0001\0003\000.\0002\000.\0002\000\040\000p\000a\000i\000n\000t\000G\000L\000\050\000\051}{subsection.6.13.2}% 175
\BOOKMARK [3][-]{subsubsection.6.13.2.3}{\376\377\0006\000.\0001\0003\000.\0002\000.\0003\000\040\000r\000e\000s\000i\000z\000e\000G\000L\000\050\000i\000n\000t\000\040\000w\000,\000\040\000i\000n\000t\000\040\000h\000\051}{subsection.6.13.2}% 176
\BOOKMARK [1][-]{section.6.14}{\376\377\0006\000.\0001\0004\000\040\000V\000i\000s\000u\000a\000l\000O\000b\000j\000e\000c\000t\000\040\000C\000l\000a\000s\000s\000\040\000R\000e\000f\000e\000r\000e\000n\000c\000e}{chapter.6}% 177
\BOOKMARK [2][-]{subsection.6.14.1}{\376\377\0006\000.\0001\0004\000.\0001\000\040\000C\000o\000n\000s\000t\000r\000u\000c\000t\000o\000r\000\040\000\046\000\040\000D\000e\000s\000t\000r\000u\000c\000t\000o\000r\000\040\000D\000o\000c\000u\000m\000e\000n\000t\000a\000t\000i\000o\000n}{section.6.14}% 178
\BOOKMARK [3][-]{subsubsection.6.14.1.1}{\376\377\0006\000.\0001\0004\000.\0001\000.\0001\000\040\000V\000i\000s\000u\000a\000l\000O\000b\000j\000e\000c\000t\000\050\000M\000o\000d\000e\000l\000M\000e\000s\000h\000\040\000m\000o\000d\000e\000l\000m\000e\000s\000h\000,\000\040\000Q\000O\000p\000e\000n\000G\000L\000T\000e\000x\000t\000u\000r\000e\000\040\000t\000e\000x\000t\000u\000r\000e\000,\000\040\000Q\000V\000e\000c\000t\000o\000r\0003\000D\000\040\000t\000r\000a\000n\000s\000l\000a\000t\000i\000o\000n\000,\000\040\000Q\000V\000e\000c\000t\000o\000r\0003\000D\000\040\000r\000o\000t\000a\000t\000i\000o\000n\000,\000\040\000Q\000S\000t\000r\000i\000n\000g\000\040\000t\000y\000p\000e\000\051}{subsection.6.14.1}% 179
\BOOKMARK [3][-]{subsubsection.6.14.1.2}{\376\377\0006\000.\0001\0004\000.\0001\000.\0002\000\040\000V\000i\000s\000u\000a\000l\000O\000b\000j\000e\000c\000t\000\050\000\051}{subsection.6.14.1}% 180
\BOOKMARK [2][-]{subsection.6.14.2}{\376\377\0006\000.\0001\0004\000.\0002\000\040\000M\000e\000m\000b\000e\000r\000\040\000F\000u\000n\000c\000t\000i\000o\000n\000\040\000D\000o\000c\000u\000m\000e\000n\000t\000a\000t\000i\000o\000n}{section.6.14}% 181
\BOOKMARK [3][-]{subsubsection.6.14.2.1}{\376\377\0006\000.\0001\0004\000.\0002\000.\0001\000\040\000g\000e\000t\000C\000o\000r\000n\000e\000r\000L\000L\000e\000f\000t\000\050\000\051}{subsection.6.14.2}% 182
\BOOKMARK [3][-]{subsubsection.6.14.2.2}{\376\377\0006\000.\0001\0004\000.\0002\000.\0002\000\040\000g\000e\000t\000C\000o\000r\000n\000e\000r\000L\000R\000i\000g\000h\000t\000\050\000\051}{subsection.6.14.2}% 183
\BOOKMARK [3][-]{subsubsection.6.14.2.3}{\376\377\0006\000.\0001\0004\000.\0002\000.\0003\000\040\000g\000e\000t\000C\000o\000r\000n\000e\000r\000U\000L\000e\000f\000t\000\050\000\051}{subsection.6.14.2}% 184
\BOOKMARK [3][-]{subsubsection.6.14.2.4}{\376\377\0006\000.\0001\0004\000.\0002\000.\0004\000\040\000g\000e\000t\000C\000o\000r\000n\000e\000r\000U\000R\000i\000g\000h\000t\000\050\000\051}{subsection.6.14.2}% 185
\BOOKMARK [3][-]{subsubsection.6.14.2.5}{\376\377\0006\000.\0001\0004\000.\0002\000.\0005\000\040\000g\000e\000t\000L\000M\000i\000d\000H\000o\000r\000i\000s\000o\000n\000t\000a\000l\000\050\000\051}{subsection.6.14.2}% 186
\BOOKMARK [3][-]{subsubsection.6.14.2.6}{\376\377\0006\000.\0001\0004\000.\0002\000.\0006\000\040\000g\000e\000t\000M\000o\000d\000e\000l\000M\000e\000s\000h\000\050\000\051}{subsection.6.14.2}% 187
\BOOKMARK [3][-]{subsubsection.6.14.2.7}{\376\377\0006\000.\0001\0004\000.\0002\000.\0007\000\040\000g\000e\000t\000R\000o\000t\000a\000t\000i\000o\000n\000\050\000\051}{subsection.6.14.2}% 188
\BOOKMARK [3][-]{subsubsection.6.14.2.8}{\376\377\0006\000.\0001\0004\000.\0002\000.\0008\000\040\000g\000e\000t\000S\000c\000a\000l\000i\000n\000g\000\050\000\051}{subsection.6.14.2}% 189
\BOOKMARK [3][-]{subsubsection.6.14.2.9}{\376\377\0006\000.\0001\0004\000.\0002\000.\0009\000\040\000g\000e\000t\000T\000e\000x\000t\000u\000r\000e\000\050\000\051}{subsection.6.14.2}% 190
\BOOKMARK [3][-]{subsubsection.6.14.2.10}{\376\377\0006\000.\0001\0004\000.\0002\000.\0001\0000\000\040\000g\000e\000t\000T\000e\000x\000t\000u\000r\000e\000I\000D\000\050\000\051}{subsection.6.14.2}% 191
\BOOKMARK [3][-]{subsubsection.6.14.2.11}{\376\377\0006\000.\0001\0004\000.\0002\000.\0001\0001\000\040\000g\000e\000t\000T\000e\000x\000t\000u\000r\000e\000P\000a\000t\000h\000\050\000\051}{subsection.6.14.2}% 192
\BOOKMARK [3][-]{subsubsection.6.14.2.12}{\376\377\0006\000.\0001\0004\000.\0002\000.\0001\0002\000\040\000g\000e\000t\000T\000r\000a\000n\000s\000l\000a\000t\000i\000o\000n\000\050\000\051}{subsection.6.14.2}% 193
\BOOKMARK [3][-]{subsubsection.6.14.2.13}{\376\377\0006\000.\0001\0004\000.\0002\000.\0001\0003\000\040\000g\000e\000t\000T\000y\000p\000e\000\050\000\051}{subsection.6.14.2}% 194
\BOOKMARK [3][-]{subsubsection.6.14.2.14}{\376\377\0006\000.\0001\0004\000.\0002\000.\0001\0004\000\040\000g\000e\000t\000U\000M\000i\000d\000H\000o\000r\000i\000s\000o\000n\000t\000a\000l\000\050\000\051}{subsection.6.14.2}% 195
\BOOKMARK [3][-]{subsubsection.6.14.2.15}{\376\377\0006\000.\0001\0004\000.\0002\000.\0001\0005\000\040\000s\000e\000t\000C\000o\000r\000n\000e\000r\000L\000L\000e\000f\000t\000\050\000Q\000V\000e\000c\000t\000o\000r\0003\000D\000\040\000p\000o\000s\000i\000t\000i\000o\000n\000\051}{subsection.6.14.2}% 196
\BOOKMARK [3][-]{subsubsection.6.14.2.16}{\376\377\0006\000.\0001\0004\000.\0002\000.\0001\0006\000\040\000s\000e\000t\000C\000o\000r\000n\000e\000r\000L\000R\000i\000g\000h\000t\000\050\000Q\000V\000e\000c\000t\000o\000r\0003\000D\000\040\000p\000o\000s\000i\000t\000i\000o\000n\000\051}{subsection.6.14.2}% 197
\BOOKMARK [3][-]{subsubsection.6.14.2.17}{\376\377\0006\000.\0001\0004\000.\0002\000.\0001\0007\000\040\000s\000e\000t\000C\000o\000r\000n\000e\000r\000U\000L\000e\000f\000t\000\050\000Q\000V\000e\000c\000t\000o\000r\0003\000D\000\040\000p\000o\000s\000i\000t\000i\000o\000n\000\051}{subsection.6.14.2}% 198
\BOOKMARK [3][-]{subsubsection.6.14.2.18}{\376\377\0006\000.\0001\0004\000.\0002\000.\0001\0008\000\040\000s\000e\000t\000C\000o\000r\000n\000e\000r\000U\000R\000i\000g\000h\000t\000\050\000Q\000V\000e\000c\000t\000o\000r\0003\000D\000\040\000p\000o\000s\000i\000t\000i\000o\000n\000\051}{subsection.6.14.2}% 199
\BOOKMARK [3][-]{subsubsection.6.14.2.19}{\376\377\0006\000.\0001\0004\000.\0002\000.\0001\0009\000\040\000s\000e\000t\000L\000M\000i\000d\000H\000o\000r\000i\000s\000o\000n\000t\000a\000l\000\050\000Q\000V\000e\000c\000t\000o\000r\0003\000D\000\040\000p\000o\000s\000i\000t\000i\000o\000n\000\051}{subsection.6.14.2}% 200
\BOOKMARK [3][-]{subsubsection.6.14.2.20}{\376\377\0006\000.\0001\0004\000.\0002\000.\0002\0000\000\040\000s\000e\000t\000M\000o\000d\000e\000l\000\050\000M\000o\000d\000e\000l\000M\000e\000s\000h\000\040\000m\000o\000d\000e\000l\000m\000e\000s\000h\000\051}{subsection.6.14.2}% 201
\BOOKMARK [3][-]{subsubsection.6.14.2.21}{\376\377\0006\000.\0001\0004\000.\0002\000.\0002\0001\000\040\000s\000e\000t\000R\000o\000t\000a\000t\000i\000o\000n\000\050\000Q\000V\000e\000c\000t\000o\000r\0003\000D\000\040\000r\000o\000t\000a\000t\000i\000o\000n\000\051}{subsection.6.14.2}% 202
\BOOKMARK [3][-]{subsubsection.6.14.2.22}{\376\377\0006\000.\0001\0004\000.\0002\000.\0002\0002\000\040\000s\000e\000t\000S\000c\000a\000l\000i\000n\000g\000\050\000Q\000V\000e\000c\000t\000o\000r\0003\000D\000\040\000s\000c\000a\000l\000e\000\051}{subsection.6.14.2}% 203
\BOOKMARK [3][-]{subsubsection.6.14.2.23}{\376\377\0006\000.\0001\0004\000.\0002\000.\0002\0003\000\040\000s\000e\000t\000T\000e\000x\000t\000u\000r\000e\000\050\000Q\000O\000p\000e\000n\000G\000L\000T\000e\000x\000t\000u\000r\000e\000\040\000t\000e\000x\000t\000u\000r\000e\000\051}{subsection.6.14.2}% 204
\BOOKMARK [3][-]{subsubsection.6.14.2.24}{\376\377\0006\000.\0001\0004\000.\0002\000.\0002\0004\000\040\000s\000e\000t\000T\000e\000x\000t\000u\000r\000e\000I\000D\000\050\000i\000n\000t\000\040\000i\000n\000d\000e\000x\000\051}{subsection.6.14.2}% 205
\BOOKMARK [3][-]{subsubsection.6.14.2.25}{\376\377\0006\000.\0001\0004\000.\0002\000.\0002\0005\000\040\000s\000e\000t\000T\000e\000x\000t\000u\000r\000e\000P\000a\000t\000h\000\050\000Q\000S\000t\000r\000i\000n\000g\000\040\000f\000i\000l\000e\000n\000a\000m\000e\000\051}{subsection.6.14.2}% 206
\BOOKMARK [3][-]{subsubsection.6.14.2.26}{\376\377\0006\000.\0001\0004\000.\0002\000.\0002\0006\000\040\000s\000e\000t\000T\000r\000a\000n\000s\000l\000a\000t\000i\000o\000n\000\050\000Q\000V\000e\000c\000t\000o\000r\0003\000D\000\040\000t\000r\000a\000n\000s\000l\000a\000t\000i\000o\000n\000\051}{subsection.6.14.2}% 207
\BOOKMARK [3][-]{subsubsection.6.14.2.27}{\376\377\0006\000.\0001\0004\000.\0002\000.\0002\0007\000\040\000s\000e\000t\000T\000y\000p\000e\000\050\000Q\000S\000t\000r\000i\000n\000g\000\040\000t\000y\000p\000e\000\051}{subsection.6.14.2}% 208
\BOOKMARK [3][-]{subsubsection.6.14.2.28}{\376\377\0006\000.\0001\0004\000.\0002\000.\0002\0008\000\040\000s\000e\000t\000U\000M\000i\000d\000H\000o\000r\000i\000s\000o\000n\000t\000a\000l\000\050\000Q\000V\000e\000c\000t\000o\000r\0003\000D\000\040\000p\000o\000s\000i\000t\000i\000o\000n\000\051}{subsection.6.14.2}% 209
\BOOKMARK [0][-]{chapter.7}{\376\377\0007\000\040\000F\000i\000l\000e\000\040\000D\000o\000c\000u\000m\000e\000n\000t\000a\000t\000i\000o\000n}{}% 210
\BOOKMARK [1][-]{section.7.1}{\376\377\0007\000.\0001\000\040\000F\000u\000n\000c\000t\000i\000o\000n\000s\000/\000d\000r\000a\000w\000g\000l\000.\000c\000p\000p\000\040\000F\000i\000l\000e\000\040\000R\000e\000f\000e\000r\000e\000n\000c\000e}{chapter.7}% 211
\BOOKMARK [1][-]{section.7.2}{\376\377\0007\000.\0002\000\040\000F\000u\000n\000c\000t\000i\000o\000n\000s\000/\000d\000r\000a\000w\000g\000l\000.\000h\000\040\000F\000i\000l\000e\000\040\000R\000e\000f\000e\000r\000e\000n\000c\000e}{chapter.7}% 212
\BOOKMARK [1][-]{section.7.3}{\376\377\0007\000.\0003\000\040\000F\000u\000n\000c\000t\000i\000o\000n\000s\000/\000m\000a\000t\000h\000e\000m\000a\000t\000i\000c\000s\000.\000c\000p\000p\000\040\000F\000i\000l\000e\000\040\000R\000e\000f\000e\000r\000e\000n\000c\000e}{chapter.7}% 213
\BOOKMARK [1][-]{section.7.4}{\376\377\0007\000.\0004\000\040\000F\000u\000n\000c\000t\000i\000o\000n\000s\000/\000m\000a\000t\000h\000e\000m\000a\000t\000i\000c\000s\000.\000h\000\040\000F\000i\000l\000e\000\040\000R\000e\000f\000e\000r\000e\000n\000c\000e}{chapter.7}% 214
\BOOKMARK [1][-]{section.7.5}{\376\377\0007\000.\0005\000\040\000F\000u\000n\000c\000t\000i\000o\000n\000s\000/\000p\000r\000e\000m\000i\000s\000e\000s\000\137\000e\000x\000p\000o\000r\000t\000e\000r\000.\000c\000p\000p\000\040\000F\000i\000l\000e\000\040\000R\000e\000f\000e\000r\000e\000n\000c\000e}{chapter.7}% 215
\BOOKMARK [1][-]{section.7.6}{\376\377\0007\000.\0006\000\040\000F\000u\000n\000c\000t\000i\000o\000n\000s\000/\000p\000r\000e\000m\000i\000s\000e\000s\000\137\000e\000x\000p\000o\000r\000t\000e\000r\000.\000h\000\040\000F\000i\000l\000e\000\040\000R\000e\000f\000e\000r\000e\000n\000c\000e}{chapter.7}% 216
\BOOKMARK [1][-]{section.7.7}{\376\377\0007\000.\0007\000\040\000m\000a\000i\000n\000.\000c\000p\000p\000\040\000F\000i\000l\000e\000\040\000R\000e\000f\000e\000r\000e\000n\000c\000e}{chapter.7}% 217
\BOOKMARK [2][-]{subsection.7.7.1}{\376\377\0007\000.\0007\000.\0001\000\040\000F\000u\000n\000c\000t\000i\000o\000n\000\040\000D\000o\000c\000u\000m\000e\000n\000t\000a\000t\000i\000o\000n}{section.7.7}% 218
\BOOKMARK [3][-]{subsubsection.7.7.1.1}{\376\377\0007\000.\0007\000.\0001\000.\0001\000\040\000m\000a\000i\000n\000\050\000i\000n\000t\000\040\000a\000r\000g\000c\000,\000\040\000c\000h\000a\000r\000\040\000a\000r\000g\000v\000[\000]\000\051}{subsection.7.7.1}% 219
\BOOKMARK [1][-]{section.7.8}{\376\377\0007\000.\0008\000\040\000m\000a\000i\000n\000.\000h\000\040\000F\000i\000l\000e\000\040\000R\000e\000f\000e\000r\000e\000n\000c\000e}{chapter.7}% 220
\BOOKMARK [1][-]{section.7.9}{\376\377\0007\000.\0009\000\040\000m\000a\000i\000n\000w\000i\000n\000d\000o\000w\000.\000c\000p\000p\000\040\000F\000i\000l\000e\000\040\000R\000e\000f\000e\000r\000e\000n\000c\000e}{chapter.7}% 221
\BOOKMARK [1][-]{section.7.10}{\376\377\0007\000.\0001\0000\000\040\000m\000a\000i\000n\000w\000i\000n\000d\000o\000w\000.\000h\000\040\000F\000i\000l\000e\000\040\000R\000e\000f\000e\000r\000e\000n\000c\000e}{chapter.7}% 222
\BOOKMARK [1][-]{section.7.11}{\376\377\0007\000.\0001\0001\000\040\000O\000b\000j\000e\000c\000t\000s\000/\000M\000o\000d\000e\000l\000M\000e\000s\000h\000.\000c\000p\000p\000\040\000F\000i\000l\000e\000\040\000R\000e\000f\000e\000r\000e\000n\000c\000e}{chapter.7}% 223
\BOOKMARK [1][-]{section.7.12}{\376\377\0007\000.\0001\0002\000\040\000O\000b\000j\000e\000c\000t\000s\000/\000M\000o\000d\000e\000l\000M\000e\000s\000h\000.\000h\000\040\000F\000i\000l\000e\000\040\000R\000e\000f\000e\000r\000e\000n\000c\000e}{chapter.7}% 224
\BOOKMARK [1][-]{section.7.13}{\376\377\0007\000.\0001\0003\000\040\000O\000b\000j\000e\000c\000t\000s\000/\000N\000o\000d\000e\000.\000c\000p\000p\000\040\000F\000i\000l\000e\000\040\000R\000e\000f\000e\000r\000e\000n\000c\000e}{chapter.7}% 225
\BOOKMARK [1][-]{section.7.14}{\376\377\0007\000.\0001\0004\000\040\000O\000b\000j\000e\000c\000t\000s\000/\000N\000o\000d\000e\000.\000h\000\040\000F\000i\000l\000e\000\040\000R\000e\000f\000e\000r\000e\000n\000c\000e}{chapter.7}% 226
\BOOKMARK [1][-]{section.7.15}{\376\377\0007\000.\0001\0005\000\040\000O\000b\000j\000e\000c\000t\000s\000/\000n\000o\000d\000e\000b\000u\000t\000t\000o\000n\000.\000c\000p\000p\000\040\000F\000i\000l\000e\000\040\000R\000e\000f\000e\000r\000e\000n\000c\000e}{chapter.7}% 227
\BOOKMARK [1][-]{section.7.16}{\376\377\0007\000.\0001\0006\000\040\000O\000b\000j\000e\000c\000t\000s\000/\000n\000o\000d\000e\000b\000u\000t\000t\000o\000n\000.\000h\000\040\000F\000i\000l\000e\000\040\000R\000e\000f\000e\000r\000e\000n\000c\000e}{chapter.7}% 228
\BOOKMARK [1][-]{section.7.17}{\376\377\0007\000.\0001\0007\000\040\000O\000b\000j\000e\000c\000t\000s\000/\000N\000o\000d\000e\000H\000a\000n\000d\000l\000e\000r\000.\000c\000p\000p\000\040\000F\000i\000l\000e\000\040\000R\000e\000f\000e\000r\000e\000n\000c\000e}{chapter.7}% 229
\BOOKMARK [1][-]{section.7.18}{\376\377\0007\000.\0001\0008\000\040\000O\000b\000j\000e\000c\000t\000s\000/\000N\000o\000d\000e\000H\000a\000n\000d\000l\000e\000r\000.\000h\000\040\000F\000i\000l\000e\000\040\000R\000e\000f\000e\000r\000e\000n\000c\000e}{chapter.7}% 230
\BOOKMARK [1][-]{section.7.19}{\376\377\0007\000.\0001\0009\000\040\000O\000b\000j\000e\000c\000t\000s\000/\000v\000i\000s\000u\000a\000l\000o\000b\000j\000e\000c\000t\000.\000c\000p\000p\000\040\000F\000i\000l\000e\000\040\000R\000e\000f\000e\000r\000e\000n\000c\000e}{chapter.7}% 231
\BOOKMARK [1][-]{section.7.20}{\376\377\0007\000.\0002\0000\000\040\000O\000b\000j\000e\000c\000t\000s\000/\000v\000i\000s\000u\000a\000l\000o\000b\000j\000e\000c\000t\000.\000h\000\040\000F\000i\000l\000e\000\040\000R\000e\000f\000e\000r\000e\000n\000c\000e}{chapter.7}% 232
\BOOKMARK [1][-]{section.7.21}{\376\377\0007\000.\0002\0001\000\040\000R\000e\000n\000d\000e\000r\000S\000t\000a\000t\000e\000s\000/\000r\000e\000n\000d\000e\000r\000s\000t\000a\000t\000e\000.\000c\000p\000p\000\040\000F\000i\000l\000e\000\040\000R\000e\000f\000e\000r\000e\000n\000c\000e}{chapter.7}% 233
\BOOKMARK [1][-]{section.7.22}{\376\377\0007\000.\0002\0002\000\040\000R\000e\000n\000d\000e\000r\000S\000t\000a\000t\000e\000s\000/\000r\000e\000n\000d\000e\000r\000s\000t\000a\000t\000e\000.\000h\000\040\000F\000i\000l\000e\000\040\000R\000e\000f\000e\000r\000e\000n\000c\000e}{chapter.7}% 234
\BOOKMARK [1][-]{section.7.23}{\376\377\0007\000.\0002\0003\000\040\000R\000e\000n\000d\000e\000r\000S\000t\000a\000t\000e\000s\000/\000v\000i\000r\000t\000u\000a\000l\000c\000o\000n\000c\000i\000e\000r\000g\000e\000r\000e\000n\000d\000e\000r\000s\000t\000a\000t\000e\000.\000c\000p\000p\000\040\000F\000i\000l\000e\000\040\000R\000e\000f\000e\000r\000e\000n\000c\000e}{chapter.7}% 235
\BOOKMARK [1][-]{section.7.24}{\376\377\0007\000.\0002\0004\000\040\000R\000e\000n\000d\000e\000r\000S\000t\000a\000t\000e\000s\000/\000v\000i\000r\000t\000u\000a\000l\000c\000o\000n\000c\000i\000e\000r\000g\000e\000r\000e\000n\000d\000e\000r\000s\000t\000a\000t\000e\000.\000h\000\040\000F\000i\000l\000e\000\040\000R\000e\000f\000e\000r\000e\000n\000c\000e}{chapter.7}% 236
\BOOKMARK [1][-]{section.7.25}{\376\377\0007\000.\0002\0005\000\040\000S\000M\000T\000P\000/\000s\000m\000t\000p\000.\000c\000p\000p\000\040\000F\000i\000l\000e\000\040\000R\000e\000f\000e\000r\000e\000n\000c\000e}{chapter.7}% 237
\BOOKMARK [1][-]{section.7.26}{\376\377\0007\000.\0002\0006\000\040\000S\000M\000T\000P\000/\000s\000m\000t\000p\000.\000h\000\040\000F\000i\000l\000e\000\040\000R\000e\000f\000e\000r\000e\000n\000c\000e}{chapter.7}% 238
\BOOKMARK [1][-]{section.7.27}{\376\377\0007\000.\0002\0007\000\040\000u\000s\000e\000r\000i\000n\000t\000e\000r\000f\000a\000c\000e\000c\000r\000e\000a\000t\000o\000r\000.\000c\000p\000p\000\040\000F\000i\000l\000e\000\040\000R\000e\000f\000e\000r\000e\000n\000c\000e}{chapter.7}% 239
\BOOKMARK [1][-]{section.7.28}{\376\377\0007\000.\0002\0008\000\040\000u\000s\000e\000r\000i\000n\000t\000e\000r\000f\000a\000c\000e\000c\000r\000e\000a\000t\000o\000r\000.\000h\000\040\000F\000i\000l\000e\000\040\000R\000e\000f\000e\000r\000e\000n\000c\000e}{chapter.7}% 240
\BOOKMARK [1][-]{section.7.29}{\376\377\0007\000.\0002\0009\000\040\000v\000i\000r\000t\000u\000a\000l\000c\000o\000n\000c\000i\000e\000r\000g\000e\000.\000c\000p\000p\000\040\000F\000i\000l\000e\000\040\000R\000e\000f\000e\000r\000e\000n\000c\000e}{chapter.7}% 241
\BOOKMARK [1][-]{section.7.30}{\376\377\0007\000.\0003\0000\000\040\000v\000i\000r\000t\000u\000a\000l\000c\000o\000n\000c\000i\000e\000r\000g\000e\000.\000h\000\040\000F\000i\000l\000e\000\040\000R\000e\000f\000e\000r\000e\000n\000c\000e}{chapter.7}% 242
\BOOKMARK [0][-]{section*.45}{\376\377\000I\000n\000d\000e\000x}{}% 243
